<?xml version="1.0" encoding="UTF-8"?>
<!-- Generated by org.testng.reporters.JUnitXMLReporter -->
<testsuite hostname="01HW510223" name="Test" tests="1" failures="0" timestamp="12 Feb 2017 10:14:26 GMT" time="256.362" errors="0">
  <testcase name="@AfterTest closeb" time="0.0" classname="iaccinteg.democlassurl">
    <failure type="java.lang.NullPointerException">
      <![CDATA[java.lang.NullPointerException
	at iaccinteg.democlassurl.excelupdate(democlassurl.java:241)
	at iaccinteg.democlassurl.closeb(democlassurl.java:199)
... Removed 22 stack frames]]>
    </failure>
  </testcase> <!-- @AfterTest closeb -->
  <testcase name="shopflow" time="126.863" classname="iaccinteg.democlassurl"/>
</testsuite> <!-- Test -->
