<?xml version="1.0" encoding="UTF-8"?>
<testng-results skipped="0" failed="0" total="1" passed="1">
  <reporter-output>
  </reporter-output>
  <suite name="Suite" duration-ms="353417" started-at="2017-02-09T13:26:58Z" finished-at="2017-02-09T13:32:51Z">
    <groups>
    </groups>
    <test name="Test" duration-ms="353417" started-at="2017-02-09T13:26:58Z" finished-at="2017-02-09T13:32:51Z">
      <class name="iaccinteg.democlassurl">
        <test-method status="PASS" signature="shopflow()[pri:0, instance:iaccinteg.democlassurl@f6805b]" name="shopflow" duration-ms="348689" started-at="2017-02-09T18:56:58Z" finished-at="2017-02-09T19:02:46Z">
          <reporter-output>
          </reporter-output>
        </test-method> <!-- shopflow -->
        <test-method status="PASS" signature="closeb()[pri:0, instance:iaccinteg.democlassurl@f6805b]" name="closeb" is-config="true" duration-ms="4714" started-at="2017-02-09T19:02:46Z" finished-at="2017-02-09T19:02:51Z">
          <reporter-output>
          </reporter-output>
        </test-method> <!-- closeb -->
      </class> <!-- iaccinteg.democlassurl -->
    </test> <!-- Test -->
  </suite> <!-- Suite -->
</testng-results>
