<?xml version="1.0" encoding="UTF-8"?>
<testng-results skipped="0" failed="0" total="1" passed="1">
  <reporter-output>
  </reporter-output>
  <suite name="Default suite" duration-ms="455426" started-at="2017-02-15T11:20:12Z" finished-at="2017-02-15T11:27:47Z">
    <groups>
    </groups>
    <test name="Default test" duration-ms="455426" started-at="2017-02-15T11:20:12Z" finished-at="2017-02-15T11:27:47Z">
      <class name="iaccinteg.ctlextentdemoclasshtmlupload">
        <test-method status="PASS" signature="shopflow()[pri:0, instance:iaccinteg.ctlextentdemoclasshtmlupload@4734b7]" name="shopflow" duration-ms="455379" started-at="2017-02-15T16:50:12Z" finished-at="2017-02-15T16:57:47Z">
          <reporter-output>
          </reporter-output>
        </test-method> <!-- shopflow -->
      </class> <!-- iaccinteg.ctlextentdemoclasshtmlupload -->
    </test> <!-- Default test -->
  </suite> <!-- Default suite -->
</testng-results>
