<?xml version="1.0" encoding="UTF-8"?>
<testng-results skipped="0" failed="0" total="1" passed="1">
  <reporter-output>
  </reporter-output>
  <suite name="Default suite" duration-ms="58334" started-at="2017-02-14T13:01:02Z" finished-at="2017-02-14T13:02:01Z">
    <groups>
    </groups>
    <test name="Default test" duration-ms="58334" started-at="2017-02-14T13:01:02Z" finished-at="2017-02-14T13:02:01Z">
      <class name="iaccinteg.dummy">
        <test-method status="PASS" signature="test1()[pri:0, instance:iaccinteg.dummy@12d73bb]" name="test1" duration-ms="58318" started-at="2017-02-14T18:31:02Z" finished-at="2017-02-14T18:32:01Z">
          <reporter-output>
          </reporter-output>
        </test-method> <!-- test1 -->
      </class> <!-- iaccinteg.dummy -->
    </test> <!-- Default test -->
  </suite> <!-- Default suite -->
</testng-results>
