<?xml version="1.0" encoding="UTF-8"?>
<testng-results skipped="0" failed="0" total="1" passed="1">
  <reporter-output>
  </reporter-output>
  <suite name="Suite" duration-ms="1221499" started-at="2017-02-10T14:18:52Z" finished-at="2017-02-10T14:39:13Z">
    <groups>
    </groups>
    <test name="Test" duration-ms="1221499" started-at="2017-02-10T14:18:52Z" finished-at="2017-02-10T14:39:13Z">
      <class name="iaccinteg.democlassurl">
        <test-method status="PASS" signature="excelclear()[pri:0, instance:iaccinteg.democlassurl@49cca1]" name="excelclear" is-config="true" duration-ms="235" started-at="2017-02-10T19:48:52Z" finished-at="2017-02-10T19:48:52Z">
          <reporter-output>
          </reporter-output>
        </test-method> <!-- excelclear -->
        <test-method status="PASS" signature="shopflow()[pri:0, instance:iaccinteg.democlassurl@49cca1]" name="shopflow" duration-ms="114458" started-at="2017-02-10T19:48:52Z" finished-at="2017-02-10T19:50:47Z">
          <reporter-output>
          </reporter-output>
        </test-method> <!-- shopflow -->
        <test-method status="FAIL" signature="closeb()[pri:0, instance:iaccinteg.democlassurl@49cca1]" name="closeb" is-config="true" duration-ms="0" started-at="2017-02-10T19:50:47Z" finished-at="2017-02-10T19:50:47Z">
          <exception class="org.openqa.selenium.WebDriverException">
            <message>
              <![CDATA[Element is not clickable at point (399.04998779296875, 73). Other element would receive the click: <div style="display: block;" id="overlay_about"></div>
Command duration or timeout: 172 milliseconds
Build info: version: '2.53.1', revision: 'a36b8b1cd5757287168e54b817830adce9b0158d', time: '2016-06-30 19:26:09'
System info: host: '01HW510223', ip: '157.227.151.27', os.name: 'Windows 7', os.arch: 'x86', os.version: '6.1', java.version: '1.7.0_51'
Session ID: 6dc0faa1-0ca7-4e87-bca6-d1f546f149f5
Driver info: org.openqa.selenium.firefox.FirefoxDriver
Capabilities [{platform=WINDOWS, acceptSslCerts=true, javascriptEnabled=true, cssSelectorsEnabled=true, databaseEnabled=true, browserName=firefox, handlesAlerts=true, nativeEvents=false, webStorageEnabled=true, rotatable=false, locationContextEnabled=true, applicationCacheEnabled=true, takesScreenshot=true, version=46.0}]]]>
            </message>
            <full-stacktrace>
              <![CDATA[org.openqa.selenium.WebDriverException: Element is not clickable at point (399.04998779296875, 73). Other element would receive the click: <div style="display: block;" id="overlay_about"></div>
Command duration or timeout: 172 milliseconds
Build info: version: '2.53.1', revision: 'a36b8b1cd5757287168e54b817830adce9b0158d', time: '2016-06-30 19:26:09'
System info: host: '01HW510223', ip: '157.227.151.27', os.name: 'Windows 7', os.arch: 'x86', os.version: '6.1', java.version: '1.7.0_51'
Session ID: 6dc0faa1-0ca7-4e87-bca6-d1f546f149f5
Driver info: org.openqa.selenium.firefox.FirefoxDriver
Capabilities [{platform=WINDOWS, acceptSslCerts=true, javascriptEnabled=true, cssSelectorsEnabled=true, databaseEnabled=true, browserName=firefox, handlesAlerts=true, nativeEvents=false, webStorageEnabled=true, rotatable=false, locationContextEnabled=true, applicationCacheEnabled=true, takesScreenshot=true, version=46.0}]
	at sun.reflect.NativeConstructorAccessorImpl.newInstance0(Native Method)
	at sun.reflect.NativeConstructorAccessorImpl.newInstance(Unknown Source)
	at sun.reflect.DelegatingConstructorAccessorImpl.newInstance(Unknown Source)
	at java.lang.reflect.Constructor.newInstance(Unknown Source)
	at org.openqa.selenium.remote.ErrorHandler.createThrowable(ErrorHandler.java:206)
	at org.openqa.selenium.remote.ErrorHandler.throwIfResponseFailed(ErrorHandler.java:158)
	at org.openqa.selenium.remote.RemoteWebDriver.execute(RemoteWebDriver.java:678)
	at org.openqa.selenium.remote.RemoteWebElement.execute(RemoteWebElement.java:327)
	at org.openqa.selenium.remote.RemoteWebElement.click(RemoteWebElement.java:85)
	at iaccinteg.democlassurl.closeb(democlassurl.java:178)
	at sun.reflect.NativeMethodAccessorImpl.invoke0(Native Method)
	at sun.reflect.NativeMethodAccessorImpl.invoke(Unknown Source)
	at sun.reflect.DelegatingMethodAccessorImpl.invoke(Unknown Source)
	at java.lang.reflect.Method.invoke(Unknown Source)
	at org.testng.internal.MethodInvocationHelper.invokeMethod(MethodInvocationHelper.java:80)
	at org.testng.internal.Invoker.invokeConfigurationMethod(Invoker.java:564)
	at org.testng.internal.Invoker.invokeConfigurations(Invoker.java:213)
	at org.testng.internal.Invoker.invokeConfigurations(Invoker.java:138)
	at org.testng.TestRunner.afterRun(TestRunner.java:1021)
	at org.testng.TestRunner.run(TestRunner.java:621)
	at org.testng.SuiteRunner.runTest(SuiteRunner.java:334)
	at org.testng.SuiteRunner.runSequentially(SuiteRunner.java:329)
	at org.testng.SuiteRunner.privateRun(SuiteRunner.java:291)
	at org.testng.SuiteRunner.run(SuiteRunner.java:240)
	at org.testng.SuiteRunnerWorker.runSuite(SuiteRunnerWorker.java:52)
	at org.testng.SuiteRunnerWorker.run(SuiteRunnerWorker.java:86)
	at org.testng.TestNG.runSuitesSequentially(TestNG.java:1198)
	at org.testng.TestNG.runSuitesLocally(TestNG.java:1123)
	at org.testng.TestNG.run(TestNG.java:1031)
	at org.testng.remote.AbstractRemoteTestNG.run(AbstractRemoteTestNG.java:126)
	at org.testng.remote.RemoteTestNG.initAndRun(RemoteTestNG.java:137)
	at org.testng.remote.RemoteTestNG.main(RemoteTestNG.java:58)
]]>
            </full-stacktrace>
          </exception> <!-- org.openqa.selenium.WebDriverException -->
          <reporter-output>
          </reporter-output>
        </test-method> <!-- closeb -->
      </class> <!-- iaccinteg.democlassurl -->
    </test> <!-- Test -->
  </suite> <!-- Suite -->
</testng-results>
